\BOOKMARK [0][-]{chapter.1}{\376\377\000I\000n\000t\000r\000o\000d\000u\000c\000c\000i\000\363\000n}{}% 1
\BOOKMARK [0][-]{chapter.2}{\376\377\000M\000a\000r\000c\000o\000\040\000T\000e\000\363\000r\000i\000c\000o}{}% 2
\BOOKMARK [1][-]{section.2.1}{\376\377\000C\000i\000b\000e\000r\000s\000e\000g\000u\000r\000i\000d\000a\000d}{chapter.2}% 3
\BOOKMARK [2][-]{subsection.2.1.1}{\376\377\000C\000o\000n\000f\000i\000d\000e\000n\000c\000i\000a\000l\000i\000d\000a\000d\000,\000\040\000I\000n\000t\000e\000g\000r\000i\000d\000a\000d\000\040\000y\000\040\000D\000i\000s\000p\000o\000n\000i\000b\000i\000l\000i\000d\000a\000d}{section.2.1}% 4
\BOOKMARK [2][-]{subsection.2.1.2}{\376\377\000P\000r\000o\000t\000o\000c\000o\000l\000o\000s\000\040\000p\000a\000r\000a\000\040\000u\000n\000a\000\040\000C\000o\000m\000u\000n\000i\000c\000a\000c\000i\000\363\000n\000\040\000S\000e\000g\000u\000r\000a}{section.2.1}% 5
\BOOKMARK [2][-]{subsection.2.1.3}{\376\377\000C\000o\000n\000t\000r\000o\000l\000\040\000d\000e\000\040\000A\000c\000c\000e\000s\000o\000\040\000y\000\040\000A\000u\000t\000e\000n\000t\000i\000c\000a\000c\000i\000\363\000n}{section.2.1}% 6
\BOOKMARK [1][-]{section.2.2}{\376\377\000C\000r\000i\000p\000t\000o\000g\000r\000a\000f\000\355\000a}{chapter.2}% 7
\BOOKMARK [2][-]{subsection.2.2.1}{\376\377\000A\000r\000i\000t\000m\000\351\000t\000i\000c\000a\000\040\000M\000o\000d\000u\000l\000a\000r}{section.2.2}% 8
\BOOKMARK [2][-]{subsection.2.2.2}{\376\377\000C\000r\000i\000p\000t\000o\000g\000r\000a\000f\000\355\000a\000\040\000S\000i\000m\000\351\000t\000r\000i\000c\000a}{section.2.2}% 9
\BOOKMARK [2][-]{subsection.2.2.3}{\376\377\000C\000r\000i\000p\000t\000o\000g\000r\000a\000f\000\355\000a\000\040\000A\000s\000i\000m\000\351\000t\000r\000i\000c\000a}{section.2.2}% 10
\BOOKMARK [2][-]{subsection.2.2.4}{\376\377\000C\000r\000i\000p\000t\000o\000g\000r\000a\000f\000\355\000a\000\040\000N\000e\000u\000r\000o\000n\000a\000l}{section.2.2}% 11
\BOOKMARK [1][-]{section.2.3}{\376\377\000R\000e\000d\000e\000s\000\040\000N\000e\000u\000r\000o\000n\000a\000l\000e\000s}{chapter.2}% 12
\BOOKMARK [2][-]{subsection.2.3.1}{\376\377\000D\000e\000f\000i\000n\000i\000c\000i\000\363\000n\000\040\000y\000\040\000P\000r\000i\000n\000c\000i\000p\000i\000o\000s\000\040\000B\000\341\000s\000i\000c\000o\000s\000\040\000d\000e\000\040\000l\000a\000s\000\040\000R\000e\000d\000e\000s\000\040\000N\000e\000u\000r\000o\000n\000a\000l\000e\000s\000\040\000A\000r\000t\000i\000f\000i\000c\000i\000a\000l\000e\000s}{section.2.3}% 13
\BOOKMARK [2][-]{subsection.2.3.2}{\376\377\000M\000o\000d\000e\000l\000o\000\040\000d\000e\000\040\000N\000e\000u\000r\000o\000n\000a\000\040\000A\000r\000t\000i\000f\000i\000c\000i\000a\000l\000\040\000y\000\040\000F\000u\000n\000c\000i\000o\000n\000e\000s\000\040\000d\000e\000\040\000A\000c\000t\000i\000v\000a\000c\000i\000\363\000n}{section.2.3}% 14
\BOOKMARK [2][-]{subsection.2.3.3}{\376\377\000P\000r\000o\000c\000e\000s\000o\000s\000\040\000d\000e\000\040\000A\000p\000r\000e\000n\000d\000i\000z\000a\000j\000e\000\040\000y\000\040\000S\000i\000n\000c\000r\000o\000n\000i\000z\000a\000c\000i\000\363\000n\000\040\000e\000n\000\040\000R\000e\000d\000e\000s\000\040\000N\000e\000u\000r\000o\000n\000a\000l\000e\000s}{section.2.3}% 15
\BOOKMARK [2][-]{subsection.2.3.4}{\376\377\000R\000e\000d\000e\000s\000\040\000T\000r\000e\000e\000\040\000P\000a\000r\000i\000t\000y\000\040\000M\000a\000c\000h\000i\000n\000e}{section.2.3}% 16
\BOOKMARK [0][-]{chapter.3}{\376\377\000P\000l\000a\000n\000t\000e\000a\000m\000i\000e\000n\000t\000o\000\040\000d\000e\000l\000\040\000P\000r\000o\000b\000l\000e\000m\000a}{}% 17
\BOOKMARK [1][-]{section.3.1}{\376\377\000D\000e\000s\000c\000r\000i\000p\000c\000i\000\363\000n\000\040\000d\000e\000\040\000l\000a\000\040\000P\000r\000o\000b\000l\000e\000m\000\341\000t\000i\000c\000a}{chapter.3}% 18
\BOOKMARK [1][-]{section.3.2}{\376\377\000O\000r\000i\000g\000i\000n\000a\000l\000i\000d\000a\000d\000\040\000d\000e\000\040\000l\000a\000\040\000I\000n\000v\000e\000s\000t\000i\000g\000a\000c\000i\000\363\000n}{chapter.3}% 19
\BOOKMARK [1][-]{section.3.3}{\376\377\000P\000r\000e\000g\000u\000n\000t\000a\000\040\000d\000e\000\040\000I\000n\000v\000e\000s\000t\000i\000g\000a\000c\000i\000\363\000n}{chapter.3}% 20
\BOOKMARK [1][-]{section.3.4}{\376\377\000H\000i\000p\000\363\000t\000e\000s\000i\000s}{chapter.3}% 21
\BOOKMARK [0][-]{chapter.4}{\376\377\000D\000e\000s\000c\000r\000i\000p\000c\000i\000\363\000n\000\040\000d\000e\000\040\000l\000a\000\040\000I\000n\000v\000e\000s\000t\000i\000g\000a\000c\000i\000\363\000n}{}% 22
\BOOKMARK [1][-]{section.4.1}{\376\377\000O\000b\000j\000e\000t\000i\000v\000o\000s}{chapter.4}% 23
\BOOKMARK [2][-]{subsection.4.1.1}{\376\377\000O\000b\000j\000e\000t\000i\000v\000o\000\040\000G\000e\000n\000e\000r\000a\000l}{section.4.1}% 24
\BOOKMARK [2][-]{subsection.4.1.2}{\376\377\000O\000b\000j\000e\000t\000i\000v\000o\000\040\000E\000s\000p\000e\000c\000\355\000f\000i\000c\000o}{section.4.1}% 25
\BOOKMARK [2][-]{subsection.4.1.3}{\376\377\000A\000l\000c\000a\000n\000c\000e\000s\000\040\000y\000\040\000L\000i\000m\000i\000t\000a\000c\000i\000o\000n\000e\000s}{section.4.1}% 26
\BOOKMARK [1][-]{section.4.2}{\376\377\000R\000e\000s\000u\000l\000t\000a\000d\000o\000s\000\040\000E\000s\000p\000e\000r\000a\000d\000o\000s}{chapter.4}% 27
\BOOKMARK [1][-]{section.4.3}{\376\377\000J\000u\000s\000t\000i\000f\000i\000c\000a\000c\000i\000\363\000n\000\040\000d\000e\000\040\000l\000a\000\040\000I\000n\000v\000e\000s\000t\000i\000g\000a\000c\000i\000\363\000n}{chapter.4}% 28
\BOOKMARK [0][-]{chapter.5}{\376\377\000M\000a\000r\000c\000o\000\040\000d\000e\000\040\000R\000e\000f\000e\000r\000e\000n\000c\000i\000a}{}% 29
\BOOKMARK [1][-]{section.5.1}{\376\377\000C\000u\000a\000d\000r\000o\000\040\000S\000i\000n\000\363\000p\000t\000i\000c\000o}{chapter.5}% 30
\BOOKMARK [1][-]{section.5.2}{\376\377\000E\000s\000t\000a\000d\000o\000\040\000d\000e\000l\000\040\000A\000r\000t\000e}{chapter.5}% 31
\BOOKMARK [2][-]{subsection.5.2.1}{\376\377\000C\000r\000i\000p\000t\000o\000g\000r\000a\000f\000i\000a\000\040\000N\000e\000u\000r\000o\000n\000a\000l}{section.5.2}% 32
\BOOKMARK [2][-]{subsection.5.2.2}{\376\377\000V\000a\000r\000i\000a\000c\000i\000o\000n\000e\000s\000\040\000d\000e\000\040\000A\000r\000q\000u\000i\000t\000e\000c\000t\000u\000r\000a\000s\000\040\000M\000T\000P\000M}{section.5.2}% 33
\BOOKMARK [2][-]{subsection.5.2.3}{\376\377\000I\000m\000p\000l\000e\000m\000e\000n\000t\000a\000c\000i\000o\000n\000e\000s\000\040\000d\000e\000\040\000C\000r\000i\000p\000t\000o\000g\000r\000a\000f\000\355\000a\000\040\000N\000e\000u\000r\000o\000n\000a\000l}{section.5.2}% 34
\BOOKMARK [1][-]{section.5.3}{\376\377\000M\000e\000t\000o\000d\000o\000l\000o\000g\000\355\000a}{chapter.5}% 35
\BOOKMARK [2][-]{subsection.5.3.1}{\376\377\000T\000i\000p\000o\000\040\000d\000e\000\040\000M\000e\000t\000o\000d\000o\000l\000o\000g\000\355\000a}{section.5.3}% 36
\BOOKMARK [2][-]{subsection.5.3.2}{\376\377\000C\000a\000s\000o\000\040\000d\000e\000\040\000E\000s\000t\000u\000d\000i\000o}{section.5.3}% 37
\BOOKMARK [1][-]{section.5.4}{\376\377\000C\000a\000s\000o\000\040\000d\000e\000\040\000E\000s\000t\000u\000d\000i\000o}{chapter.5}% 38
\BOOKMARK [1][-]{section.5.5}{\376\377\000T\000a\000r\000e\000a\000s}{chapter.5}% 39
